d:\workspaces\workwebrtc\webrtcnative_3\webrtc.net\webrtc.net\debug_x64\obj\webrtc.net.pch
d:\workspaces\workwebrtc\webrtcnative_3\webrtc.net\webrtc.net\debug_x64\obj\vc142.pdb
d:\workspaces\workwebrtc\webrtcnative_3\webrtc.net\webrtc.net\debug_x64\obj\stdafx.obj
d:\workspaces\workwebrtc\webrtcnative_3\webrtc.net\webrtc.net\debug_x64\obj\main.obj
d:\workspaces\workwebrtc\webrtcnative_3\webrtc.net\webrtc.net\debug_x64\obj\yuvframegenerator.obj
d:\workspaces\workwebrtc\webrtcnative_3\webrtc.net\webrtc.net\debug_x64\obj\vp8_impl.obj
d:\workspaces\workwebrtc\webrtcnative_3\webrtc.net\webrtc.net\debug_x64\obj\defaults.obj
d:\workspaces\workwebrtc\webrtcnative_3\webrtc.net\webrtc.net\debug_x64\obj\conductor.obj
d:\workspaces\workwebrtc\webrtcnative_3\webrtc.net\webrtc.net\debug_x64\obj\tjpeg.obj
d:\workspaces\workwebrtc\webrtcnative_3\webrtc.net\webrtc.net\debug_x64\obj\managed.obj
d:\workspaces\workwebrtc\webrtcnative_3\webrtc.net\webrtc.net\debug_x64\webrtc.net.dll
d:\workspaces\workwebrtc\webrtcnative_3\webrtc.net\webrtc.net\debug_x64\webrtc.net.pdb
d:\workspaces\workwebrtc\webrtcnative_3\webrtc.net\webrtc.net\debug_x64\webrtc.net.utils.dll
d:\workspaces\workwebrtc\webrtcnative_3\webrtc.net\webrtc.net\debug_x64\webrtc.net.utils.pdb
d:\workspaces\workwebrtc\webrtcnative_3\webrtc.net\webrtc.net\debug_x64\obj\webrtc.net.vcxprojassemblyreference.cache
d:\workspaces\workwebrtc\webrtcnative_3\webrtc.net\webrtc.net\debug_x64\obj\webrtc.net.tlog\cl.command.1.tlog
d:\workspaces\workwebrtc\webrtcnative_3\webrtc.net\webrtc.net\debug_x64\obj\webrtc.net.tlog\cl.read.1.tlog
d:\workspaces\workwebrtc\webrtcnative_3\webrtc.net\webrtc.net\debug_x64\obj\webrtc.net.tlog\cl.write.1.tlog
d:\workspaces\workwebrtc\webrtcnative_3\webrtc.net\webrtc.net\debug_x64\obj\webrtc.net.tlog\link.command.1.tlog
d:\workspaces\workwebrtc\webrtcnative_3\webrtc.net\webrtc.net\debug_x64\obj\webrtc.net.tlog\link.read.1.tlog
d:\workspaces\workwebrtc\webrtcnative_3\webrtc.net\webrtc.net\debug_x64\obj\webrtc.net.tlog\link.write.1.tlog
d:\workspaces\workwebrtc\webrtcnative_3\webrtc.net\webrtc.net\debug_x64\obj\webrtc.net.tlog\webrtc.net.write.1u.tlog
